2024-01-27 01:47:44.141 [Info] (print_config) Config values:
2024-01-27 01:47:44.141 [Info] (print_config) {
2024-01-27 01:47:44.141 [Info] (print_config)   "workers": 4,
2024-01-27 01:47:44.141 [Info] (print_config)   "model_dir": "models",
2024-01-27 01:47:44.141 [Info] (print_config)   "tcp": {
2024-01-27 01:47:44.141 [Info] (print_config)     "use": true,
2024-01-27 01:47:44.141 [Info] (print_config)     "port": 6432
2024-01-27 01:47:44.141 [Info] (print_config)   },
2024-01-27 01:47:44.141 [Info] (print_config)   "http": {
2024-01-27 01:47:44.141 [Info] (print_config)     "use": true,
2024-01-27 01:47:44.141 [Info] (print_config)     "port": 80
2024-01-27 01:47:44.141 [Info] (print_config)   },
2024-01-27 01:47:44.141 [Info] (print_config)   "https": {
2024-01-27 01:47:44.141 [Info] (print_config)     "use": false
2024-01-27 01:47:44.141 [Info] (print_config)   },
2024-01-27 01:47:44.141 [Info] (print_config)   "swagger_url_path": "/api-docs",
2024-01-27 01:47:44.141 [Info] (print_config)   "log": {
2024-01-27 01:47:44.141 [Info] (print_config)     "level": "info",
2024-01-27 01:47:44.141 [Info] (print_config)     "file": "logs/app.log",
2024-01-27 01:47:44.141 [Info] (print_config)     "access_file": "logs/access.log"
2024-01-27 01:47:44.141 [Info] (print_config)   }
2024-01-27 01:47:44.141 [Info] (print_config) }
2024-01-27 01:47:44.142 [Info] (main) TCP Server ready on port: 6432
2024-01-27 01:47:44.142 [Info] (main) HTTP Server ready on port: 80
2024-01-28 17:41:57.889 [Info] (main) Terminated
